SF:lib/data/db/drift/drift_database.dart
DA:19,2
DA:20,2
DA:22,0
DA:26,0
DA:28,0
DA:30,2
DA:33,2
DA:34,2
DA:35,2
DA:38,2
DA:40,4
DA:41,4
DA:43,0
DA:48,0
DA:49,0
DA:51,0
DA:52,0
DA:53,0
DA:54,0
DA:55,0
DA:56,0
DA:57,0
LF:22
LH:9
end_of_record
SF:lib/data/db/drift/drift_database.g.dart
DA:15,1
DA:17,1
DA:20,1
DA:22,3
DA:24,3
DA:26,3
DA:29,0
DA:31,0
DA:32,0
DA:33,0
DA:34,0
DA:38,0
DA:39,0
DA:40,0
DA:41,0
DA:42,0
DA:46,0
DA:48,0
DA:49,0
DA:50,0
DA:51,0
DA:52,0
DA:55,0
DA:57,0
DA:58,0
DA:59,0
DA:60,0
DA:61,0
DA:65,0
DA:66,0
DA:67,0
DA:68,0
DA:69,0
DA:71,0
DA:73,0
DA:74,0
DA:75,0
DA:76,0
DA:77,0
DA:78,0
DA:81,0
DA:82,0
DA:83,0
DA:86,0
DA:87,0
DA:88,0
DA:89,0
DA:96,0
DA:101,1
DA:105,1
DA:106,1
DA:107,0
DA:112,0
DA:113,0
DA:114,0
DA:115,0
DA:119,0
DA:121,0
DA:122,0
DA:123,0
DA:124,0
DA:128,1
DA:130,1
DA:131,2
DA:132,0
DA:134,2
DA:135,4
DA:137,2
DA:138,4
DA:143,0
DA:145,0
DA:146,0
DA:147,0
DA:148,0
DA:149,0
DA:150,0
DA:159,2
DA:162,4
DA:163,2
DA:169,4
DA:170,2
DA:175,4
DA:176,2
DA:178,2
DA:179,8
DA:180,2
DA:181,2
DA:182,1
DA:184,1
DA:187,1
DA:188,1
DA:189,1
DA:190,0
DA:192,1
DA:193,1
DA:194,5
DA:196,0
DA:198,1
DA:199,1
DA:200,1
DA:201,2
DA:202,2
DA:204,0
DA:209,2
DA:210,2
DA:211,1
DA:213,1
DA:214,0
DA:217,1
DA:219,2
DA:231,1
DA:238,1
DA:241,1
DA:243,3
DA:245,3
DA:246,1
DA:247,2
DA:249,3
DA:251,3
DA:252,1
DA:253,2
DA:256,0
DA:258,0
DA:259,0
DA:260,0
DA:261,0
DA:262,0
DA:263,0
DA:264,0
DA:265,0
DA:270,0
DA:271,0
DA:272,0
DA:273,0
DA:274,0
DA:275,0
DA:276,0
DA:277,0
DA:279,0
DA:283,0
DA:285,0
DA:286,0
DA:287,0
DA:288,0
DA:289,0
DA:290,0
DA:291,0
DA:293,0
DA:296,0
DA:298,0
DA:299,0
DA:300,0
DA:301,0
DA:302,0
DA:303,0
DA:304,0
DA:305,0
DA:309,0
DA:316,0
DA:317,0
DA:318,0
DA:319,0
DA:320,0
DA:321,0
DA:322,0
DA:324,0
DA:326,0
DA:327,0
DA:328,0
DA:329,0
DA:330,0
DA:331,0
DA:332,0
DA:333,0
DA:334,0
DA:337,0
DA:338,0
DA:339,0
DA:340,0
DA:343,0
DA:344,0
DA:345,0
DA:346,0
DA:347,0
DA:348,0
DA:349,0
DA:359,0
DA:367,1
DA:374,1
DA:375,1
DA:376,1
DA:377,1
DA:378,0
DA:386,0
DA:387,0
DA:388,0
DA:389,0
DA:390,0
DA:391,0
DA:392,0
DA:396,0
DA:403,0
DA:404,0
DA:405,0
DA:406,0
DA:407,0
DA:408,0
DA:409,0
DA:413,1
DA:415,1
DA:416,2
DA:417,0
DA:419,2
DA:420,4
DA:422,2
DA:423,4
DA:425,2
DA:426,4
DA:428,2
DA:429,4
DA:431,2
DA:432,4
DA:437,0
DA:439,0
DA:440,0
DA:441,0
DA:442,0
DA:443,0
DA:444,0
DA:445,0
DA:446,0
DA:447,0
DA:456,2
DA:459,4
DA:460,2
DA:466,4
DA:467,2
DA:472,4
DA:473,2
DA:477,4
DA:478,2
DA:483,2
DA:484,4
DA:489,2
DA:490,4
DA:492,2
DA:494,14
DA:495,2
DA:496,2
DA:497,1
DA:499,1
DA:502,1
DA:503,1
DA:504,1
DA:505,0
DA:507,1
DA:508,1
DA:509,5
DA:511,0
DA:513,1
DA:514,1
DA:515,1
DA:516,2
DA:517,2
DA:519,0
DA:521,1
DA:522,2
DA:523,4
DA:525,0
DA:527,1
DA:528,1
DA:529,1
DA:530,2
DA:531,2
DA:533,0
DA:535,1
DA:536,1
DA:537,1
DA:538,2
DA:539,2
DA:544,2
DA:545,2
DA:546,1
DA:548,1
DA:549,0
DA:552,1
DA:554,2
DA:559,4
DA:560,4
DA:561,4
DA:562,0
DA:563,0
DA:564,2
DA:566,6
LF:294
LH:129
end_of_record
SF:lib/data/db/drift/parking_config_dao_impl.dart
DA:15,2
DA:18,1
DA:20,4
DA:21,1
DA:22,1
DA:23,1
DA:24,1
DA:25,0
DA:26,0
DA:28,0
DA:33,1
DA:35,4
DA:36,1
DA:41,0
DA:42,0
DA:44,0
LF:16
LH:10
end_of_record
SF:lib/data/db/drift/parking_config_dao_impl.g.dart
DA:10,3
LF:1
LH:1
end_of_record
SF:lib/domain/models/parking_config.dart
DA:7,1
DA:13,0
DA:14,0
DA:16,0
DA:22,0
DA:23,0
LF:6
LH:1
end_of_record
SF:lib/domain/models/parking_config.g.dart
DA:9,0
DA:10,0
DA:11,0
DA:12,0
DA:13,0
DA:16,0
DA:17,0
DA:18,0
DA:19,0
DA:20,0
LF:10
LH:0
end_of_record
SF:lib/commons/error/exception.dart
DA:16,0
LF:1
LH:0
end_of_record
SF:lib/data/db/drift/tables/parking_config.dart
DA:4,0
DA:5,0
DA:6,0
DA:8,0
DA:9,0
LF:5
LH:0
end_of_record
SF:lib/data/db/drift/tables/parking_space.dart
DA:4,0
DA:5,0
DA:6,0
DA:7,0
DA:8,0
DA:9,0
DA:11,0
DA:12,0
LF:8
LH:0
end_of_record
SF:lib/utils/database_util.dart
DA:5,0
DA:7,0
DA:9,0
DA:10,0
DA:11,0
LF:5
LH:0
end_of_record
SF:lib/data/db/drift/parking_space_dao_impl.dart
DA:14,2
DA:17,1
DA:19,3
DA:20,1
DA:21,1
DA:22,2
DA:23,1
DA:28,1
DA:30,1
DA:32,2
DA:33,1
DA:34,1
DA:35,1
DA:36,1
DA:37,1
DA:38,1
DA:39,1
DA:40,1
DA:45,0
DA:46,0
DA:48,0
DA:53,1
DA:55,4
DA:56,1
DA:57,1
DA:58,1
DA:59,1
DA:60,1
DA:61,2
DA:64,0
DA:65,0
DA:67,0
DA:72,1
DA:74,4
DA:75,0
DA:76,0
DA:78,0
DA:83,1
DA:85,2
DA:88,1
DA:90,1
DA:91,2
DA:92,2
DA:96,0
DA:97,0
DA:99,0
LF:46
LH:34
end_of_record
SF:lib/data/db/drift/parking_space_dao_impl.g.dart
DA:10,3
LF:1
LH:1
end_of_record
SF:lib/domain/models/parking_space_model.dart
DA:7,1
DA:16,0
DA:17,0
DA:19,0
DA:28,0
DA:30,0
DA:32,1
DA:40,1
DA:41,0
DA:42,1
DA:43,1
DA:44,1
DA:45,1
DA:46,0
LF:14
LH:7
end_of_record
SF:lib/domain/models/parking_space_model.g.dart
DA:9,0
DA:10,0
DA:11,0
DA:12,0
DA:13,0
DA:14,0
DA:15,0
DA:16,0
DA:18,0
DA:21,0
DA:22,0
DA:23,0
DA:24,0
DA:25,0
DA:26,0
DA:27,0
DA:28,0
LF:17
LH:0
end_of_record
