SF:lib/data/db/drift/drift_database.dart
DA:19,2
DA:20,2
DA:22,0
DA:26,0
DA:28,0
DA:30,2
DA:33,2
DA:34,2
DA:35,2
DA:38,2
DA:40,4
DA:41,4
DA:43,0
DA:48,0
DA:49,0
DA:51,0
DA:52,0
DA:53,0
DA:54,0
DA:55,0
DA:56,0
DA:57,0
LF:22
LH:9
end_of_record
SF:lib/data/db/drift/drift_database.g.dart
DA:15,1
DA:17,1
DA:20,1
DA:22,3
DA:24,3
DA:26,3
DA:29,0
DA:31,0
DA:32,0
DA:33,0
DA:34,0
DA:38,0
DA:39,0
DA:40,0
DA:41,0
DA:42,0
DA:46,0
DA:48,0
DA:49,0
DA:50,0
DA:51,0
DA:52,0
DA:55,0
DA:57,0
DA:58,0
DA:59,0
DA:60,0
DA:61,0
DA:65,0
DA:66,0
DA:67,0
DA:68,0
DA:69,0
DA:71,0
DA:73,0
DA:74,0
DA:75,0
DA:76,0
DA:77,0
DA:78,0
DA:81,0
DA:82,0
DA:83,0
DA:86,0
DA:87,0
DA:88,0
DA:89,0
DA:96,0
DA:101,1
DA:105,1
DA:106,1
DA:107,0
DA:112,0
DA:113,0
DA:114,0
DA:115,0
DA:119,0
DA:121,0
DA:122,0
DA:123,0
DA:124,0
DA:128,1
DA:130,1
DA:131,2
DA:132,0
DA:134,2
DA:135,4
DA:137,2
DA:138,4
DA:143,0
DA:145,0
DA:146,0
DA:147,0
DA:148,0
DA:149,0
DA:150,0
DA:159,2
DA:162,4
DA:163,2
DA:169,4
DA:170,2
DA:175,4
DA:176,2
DA:178,2
DA:179,8
DA:180,2
DA:181,2
DA:182,1
DA:184,1
DA:187,1
DA:188,1
DA:189,1
DA:190,0
DA:192,1
DA:193,1
DA:194,5
DA:196,0
DA:198,1
DA:199,1
DA:200,1
DA:201,2
DA:202,2
DA:204,0
DA:209,2
DA:210,2
DA:211,1
DA:213,1
DA:214,0
DA:217,1
DA:219,2
DA:231,1
DA:238,1
DA:241,1
DA:243,3
DA:245,3
DA:246,1
DA:247,2
DA:249,3
DA:251,3
DA:252,1
DA:253,2
DA:256,0
DA:258,0
DA:259,0
DA:260,0
DA:261,0
DA:262,0
DA:263,0
DA:264,0
DA:265,0
DA:270,0
DA:271,0
DA:272,0
DA:273,0
DA:274,0
DA:275,0
DA:276,0
DA:277,0
DA:279,0
DA:283,0
DA:285,0
DA:286,0
DA:287,0
DA:288,0
DA:289,0
DA:290,0
DA:291,0
DA:293,0
DA:296,0
DA:298,0
DA:299,0
DA:300,0
DA:301,0
DA:302,0
DA:303,0
DA:304,0
DA:305,0
DA:309,0
DA:316,0
DA:317,0
DA:318,0
DA:319,0
DA:320,0
DA:321,0
DA:322,0
DA:324,0
DA:326,0
DA:327,0
DA:328,0
DA:329,0
DA:330,0
DA:331,0
DA:332,0
DA:333,0
DA:334,0
DA:337,0
DA:338,0
DA:339,0
DA:340,0
DA:343,0
DA:344,0
DA:345,0
DA:346,0
DA:347,0
DA:348,0
DA:349,0
DA:359,0
DA:367,1
DA:374,1
DA:375,1
DA:376,1
DA:377,1
DA:378,0
DA:386,0
DA:387,0
DA:388,0
DA:389,0
DA:390,0
DA:391,0
DA:392,0
DA:396,0
DA:403,0
DA:404,0
DA:405,0
DA:406,0
DA:407,0
DA:408,0
DA:409,0
DA:413,1
DA:415,1
DA:416,2
DA:417,0
DA:419,2
DA:420,4
DA:422,2
DA:423,4
DA:425,2
DA:426,4
DA:428,2
DA:429,4
DA:431,2
DA:432,4
DA:437,0
DA:439,0
DA:440,0
DA:441,0
DA:442,0
DA:443,0
DA:444,0
DA:445,0
DA:446,0
DA:447,0
DA:456,2
DA:459,4
DA:460,2
DA:466,4
DA:467,2
DA:472,4
DA:473,2
DA:477,4
DA:478,2
DA:483,2
DA:484,4
DA:489,2
DA:490,4
DA:492,2
DA:494,14
DA:495,2
DA:496,2
DA:497,1
DA:499,1
DA:502,1
DA:503,1
DA:504,1
DA:505,0
DA:507,1
DA:508,1
DA:509,5
DA:511,0
DA:513,1
DA:514,1
DA:515,1
DA:516,2
DA:517,2
DA:519,0
DA:521,1
DA:522,2
DA:523,4
DA:525,0
DA:527,1
DA:528,1
DA:529,1
DA:530,2
DA:531,2
DA:533,0
DA:535,1
DA:536,1
DA:537,1
DA:538,2
DA:539,2
DA:544,2
DA:545,2
DA:546,1
DA:548,1
DA:549,0
DA:552,1
DA:554,2
DA:559,4
DA:560,4
DA:561,4
DA:562,0
DA:563,0
DA:564,2
DA:566,6
LF:294
LH:129
end_of_record
SF:lib/data/db/drift/parking_config_dao_impl.dart
DA:15,2
DA:18,1
DA:20,4
DA:21,1
DA:22,1
DA:23,1
DA:24,1
DA:25,0
DA:26,0
DA:28,0
DA:33,1
DA:35,4
DA:36,1
DA:41,0
DA:42,0
DA:44,0
LF:16
LH:10
end_of_record
SF:lib/data/db/drift/parking_config_dao_impl.g.dart
DA:10,3
LF:1
LH:1
end_of_record
SF:lib/domain/models/parking_config.dart
DA:7,2
DA:13,0
DA:14,0
DA:16,0
DA:22,0
DA:23,0
LF:6
LH:1
end_of_record
SF:lib/domain/models/parking_config.g.dart
DA:9,0
DA:10,0
DA:11,0
DA:12,0
DA:13,0
DA:16,0
DA:17,0
DA:18,0
DA:19,0
DA:20,0
LF:10
LH:0
end_of_record
SF:lib/commons/error/exception.dart
DA:16,2
LF:1
LH:1
end_of_record
SF:lib/data/db/drift/tables/parking_config.dart
DA:4,0
DA:5,0
DA:6,0
DA:8,0
DA:9,0
LF:5
LH:0
end_of_record
SF:lib/data/db/drift/tables/parking_space.dart
DA:4,0
DA:5,0
DA:6,0
DA:7,0
DA:8,0
DA:9,0
DA:11,0
DA:12,0
LF:8
LH:0
end_of_record
SF:lib/utils/database_util.dart
DA:5,0
DA:7,0
DA:9,0
DA:10,0
DA:11,0
LF:5
LH:0
end_of_record
SF:lib/data/db/drift/parking_space_dao_impl.dart
DA:14,2
DA:17,1
DA:19,3
DA:20,1
DA:21,1
DA:22,2
DA:23,1
DA:28,1
DA:30,1
DA:32,2
DA:33,1
DA:34,1
DA:35,1
DA:36,1
DA:37,1
DA:38,1
DA:39,1
DA:40,1
DA:45,0
DA:46,0
DA:48,0
DA:53,1
DA:55,4
DA:56,1
DA:57,1
DA:58,1
DA:59,1
DA:60,1
DA:61,2
DA:64,0
DA:65,0
DA:67,0
DA:72,1
DA:74,4
DA:75,0
DA:76,0
DA:78,0
DA:83,1
DA:88,2
DA:91,1
DA:93,1
DA:94,1
DA:95,1
DA:100,0
LF:44
LH:34
end_of_record
SF:lib/data/db/drift/parking_space_dao_impl.g.dart
DA:10,3
LF:1
LH:1
end_of_record
SF:lib/domain/models/parking_space_model.dart
DA:7,6
DA:16,0
DA:17,0
DA:19,0
DA:28,1
DA:30,7
DA:32,1
DA:40,1
DA:41,1
DA:42,1
DA:43,1
DA:44,1
DA:45,1
DA:46,0
LF:14
LH:10
end_of_record
SF:lib/domain/models/parking_space_model.g.dart
DA:9,0
DA:10,0
DA:11,0
DA:12,0
DA:13,0
DA:14,0
DA:15,0
DA:16,0
DA:18,0
DA:21,0
DA:22,0
DA:23,0
DA:24,0
DA:25,0
DA:26,0
DA:27,0
DA:28,0
LF:17
LH:0
end_of_record
SF:lib/commons/error/failure.dart
DA:4,3
DA:6,0
DA:7,0
DA:23,2
LF:4
LH:2
end_of_record
SF:lib/pages/home/presentation/bloc/home_bloc.dart
DA:6,7
DA:12,2
DA:14,4
DA:15,4
DA:16,4
DA:17,4
DA:18,4
DA:23,1
DA:24,2
DA:26,3
DA:27,1
DA:28,1
DA:29,1
DA:30,1
DA:31,1
DA:35,1
DA:36,1
DA:37,2
DA:38,2
DA:43,1
DA:44,1
DA:45,2
DA:51,1
DA:53,2
DA:54,3
DA:55,1
DA:56,1
DA:58,1
DA:59,1
DA:60,2
DA:61,2
DA:66,2
DA:68,4
DA:69,6
DA:70,2
DA:71,2
DA:72,2
DA:73,4
DA:75,2
LF:39
LH:39
end_of_record
SF:lib/pages/home/presentation/bloc/home_event.dart
DA:5,7
DA:7,0
DA:8,0
DA:12,1
DA:25,1
DA:34,1
DA:41,6
LF:7
LH:5
end_of_record
SF:lib/pages/home/presentation/bloc/home_state.dart
DA:6,9
DA:8,1
DA:9,1
DA:17,7
DA:24,2
LF:5
LH:5
end_of_record
SF:lib/pages/home/data/repositories/parking_space_repository_impl.dart
DA:9,2
DA:15,1
DA:19,3
DA:20,1
DA:21,1
DA:22,2
DA:24,3
DA:29,1
DA:34,3
DA:36,1
DA:37,1
DA:38,0
DA:40,3
DA:45,2
DA:47,6
DA:48,2
DA:49,1
DA:50,0
DA:52,3
DA:57,1
DA:59,3
DA:60,1
DA:61,1
DA:62,2
DA:64,0
LF:25
LH:22
end_of_record
SF:lib/pages/home/presentation/notifiers/parking_space_notifier.dart
DA:7,2
DA:8,2
DA:11,2
DA:12,2
DA:13,4
DA:14,4
DA:18,2
DA:19,2
DA:20,4
DA:21,2
DA:22,6
DA:23,2
DA:26,2
LF:13
LH:13
end_of_record
SF:lib/commons/button_widget.dart
DA:5,1
DA:8,1
DA:10,1
DA:12,1
DA:13,1
DA:17,1
DA:18,1
DA:21,0
DA:22,0
LF:9
LH:7
end_of_record
SF:lib/values/app_texts.dart
DA:2,0
LF:1
LH:0
end_of_record
SF:lib/pages/home/presentation/pages/home_page.dart
DA:11,1
DA:15,1
DA:20,1
DA:22,1
DA:23,1
DA:25,1
DA:26,1
DA:29,2
DA:30,1
DA:31,1
DA:34,1
DA:35,1
DA:37,1
DA:40,1
DA:41,2
DA:44,1
DA:47,1
DA:48,1
DA:50,1
DA:51,2
DA:52,1
DA:60,1
DA:61,2
DA:62,1
DA:63,1
DA:69,1
DA:70,1
DA:71,3
DA:74,2
DA:75,0
DA:78,1
DA:79,1
DA:80,1
DA:83,1
DA:84,2
DA:85,1
DA:86,1
DA:87,1
DA:88,1
DA:91,1
DA:96,1
DA:97,2
DA:98,1
DA:99,2
DA:101,1
DA:104,2
DA:105,1
DA:106,3
DA:107,1
LF:49
LH:48
end_of_record
SF:lib/pages/home/presentation/widgets/parking_space_grid_widget.dart
DA:7,1
DA:12,1
DA:17,1
DA:19,1
DA:20,1
DA:21,1
DA:22,1
DA:24,1
DA:25,3
DA:26,3
DA:30,1
DA:31,1
DA:35,2
DA:38,1
LF:14
LH:14
end_of_record
SF:lib/pages/home/presentation/widgets/parking_space_widget.dart
DA:10,3
DA:11,3
DA:14,1
DA:19,1
DA:24,1
DA:26,2
DA:28,3
DA:29,2
DA:30,1
DA:31,1
DA:32,1
DA:33,1
DA:34,3
DA:36,3
DA:39,1
DA:40,3
DA:41,1
DA:48,1
DA:50,1
DA:52,1
DA:53,1
DA:54,3
DA:56,3
DA:57,0
DA:62,1
DA:63,4
DA:65,3
DA:66,0
DA:71,1
DA:72,4
DA:74,3
DA:75,0
DA:80,1
DA:81,1
DA:82,5
DA:84,3
DA:85,0
DA:90,1
DA:91,1
DA:92,5
DA:94,3
DA:95,0
DA:97,1
DA:98,4
DA:99,0
DA:100,0
DA:103,3
DA:104,0
DA:109,1
DA:110,1
DA:111,3
DA:113,3
DA:114,0
LF:53
LH:44
end_of_record
SF:lib/pages/home/utils/entry_bottom_sheet.dart
DA:12,1
DA:16,1
DA:17,1
DA:18,1
DA:19,1
DA:20,1
DA:22,1
DA:23,1
DA:24,1
DA:25,1
DA:27,1
DA:28,1
DA:29,3
DA:31,2
DA:33,1
DA:34,1
DA:38,2
DA:39,1
DA:43,1
DA:44,1
DA:45,1
DA:47,1
DA:48,1
DA:49,4
DA:51,1
DA:52,1
DA:53,1
DA:55,1
DA:56,1
DA:64,0
DA:65,0
DA:68,1
DA:76,0
DA:77,0
DA:80,1
DA:88,0
DA:89,0
DA:92,1
DA:96,0
DA:97,0
DA:99,1
DA:101,0
DA:102,0
DA:104,0
DA:105,0
DA:106,0
DA:108,0
DA:110,0
DA:111,0
DA:113,0
DA:119,1
DA:121,1
DA:123,0
DA:124,0
DA:125,0
DA:126,0
DA:128,0
DA:129,0
DA:130,0
DA:131,0
DA:133,0
DA:140,0
DA:141,0
DA:142,0
DA:143,0
DA:144,0
DA:145,0
DA:147,0
DA:148,0
DA:152,0
DA:153,0
DA:154,0
DA:155,0
DA:156,0
DA:172,0
DA:175,0
DA:176,0
DA:177,0
LF:78
LH:35
end_of_record
SF:lib/pages/report/presentation/pages/report_page.dart
DA:7,2
DA:10,2
DA:15,2
DA:17,2
DA:18,4
DA:19,2
DA:20,4
DA:21,2
DA:22,2
DA:23,2
DA:25,6
DA:27,2
DA:29,6
DA:32,2
DA:34,4
DA:36,2
DA:38,4
DA:40,2
DA:42,8
DA:45,2
DA:47,2
DA:49,4
DA:85,2
DA:86,2
DA:90,2
DA:92,2
DA:94,2
DA:96,2
DA:98,2
DA:99,2
DA:100,2
DA:101,2
LF:32
LH:32
end_of_record
SF:lib/pages/home/utils/departure_bottom_sheet.dart
DA:12,1
DA:16,1
DA:17,1
DA:18,1
DA:19,1
DA:20,3
DA:22,1
DA:23,1
DA:27,2
DA:28,1
DA:32,1
DA:33,1
DA:34,1
DA:36,1
DA:37,1
DA:38,4
DA:40,1
DA:41,1
DA:42,1
DA:44,1
DA:45,2
DA:46,3
DA:49,1
DA:52,0
DA:53,0
DA:55,1
DA:57,0
DA:58,0
DA:60,0
DA:61,0
DA:62,0
DA:64,0
DA:66,0
DA:67,0
DA:69,0
DA:75,1
DA:77,1
DA:79,0
DA:80,0
DA:81,0
DA:82,0
DA:83,0
DA:85,0
DA:88,0
DA:89,0
DA:106,0
DA:109,0
DA:110,0
DA:111,0
LF:49
LH:26
end_of_record
SF:lib/utils/validators.dart
DA:1,0
DA:2,0
DA:8,0
DA:9,0
DA:10,0
LF:5
LH:0
end_of_record
SF:lib/pages/config/data/repositories/parking_config_repository_impl.dart
DA:9,1
DA:14,1
DA:17,3
DA:21,1
DA:22,1
DA:23,2
DA:25,3
DA:30,1
DA:32,3
DA:33,1
DA:34,1
DA:35,2
DA:37,3
LF:13
LH:13
end_of_record
